<?xml version="1.0" encoding="UTF-8"?>
<testsuite name="de.unibremen.swp.stundenplan.logic.TeacherManagerDataIntTest" time="31.291" tests="1" errors="0" skipped="0" failures="1">
  <properties>
    <property name="java.runtime.name" value="Java(TM) SE Runtime Environment"/>
    <property name="sun.boot.library.path" value="C:\Program Files\Java\jre8\bin"/>
    <property name="java.vm.version" value="25.11-b03"/>
    <property name="java.vm.vendor" value="Oracle Corporation"/>
    <property name="java.vendor.url" value="http://java.oracle.com/"/>
    <property name="path.separator" value=";"/>
    <property name="guice.disable.misplaced.annotation.check" value="true"/>
    <property name="java.vm.name" value="Java HotSpot(TM) 64-Bit Server VM"/>
    <property name="file.encoding.pkg" value="sun.io"/>
    <property name="user.script" value=""/>
    <property name="user.country" value="DE"/>
    <property name="sun.java.launcher" value="SUN_STANDARD"/>
    <property name="sun.os.patch.level" value=""/>
    <property name="java.vm.specification.name" value="Java Virtual Machine Specification"/>
    <property name="user.dir" value="C:\Users\Petra\Dropbox\Uni\Softwareprojekt 1\Prototyp\stundenplan.git"/>
    <property name="java.runtime.version" value="1.8.0_11-b12"/>
    <property name="java.awt.graphicsenv" value="sun.awt.Win32GraphicsEnvironment"/>
    <property name="java.endorsed.dirs" value="C:\Program Files\Java\jre8\lib\endorsed"/>
    <property name="os.arch" value="amd64"/>
    <property name="java.io.tmpdir" value="C:\Users\Petra\AppData\Local\Temp\"/>
    <property name="line.separator" value="&#10;"/>
    <property name="java.vm.specification.vendor" value="Oracle Corporation"/>
    <property name="user.variant" value=""/>
    <property name="os.name" value="Windows 8"/>
    <property name="classworlds.conf" value="C:\Users\Petra\Desktop\eclipse\.metadata\.plugins\org.eclipse.m2e.launching\launches\m2conf1333665113296901084.tmp"/>
    <property name="sun.jnu.encoding" value="Cp1252"/>
    <property name="java.library.path" value="C:\Program Files\Java\jre8\bin;C:\Windows\Sun\Java\bin;C:\Windows\system32;C:\Windows;C:\Program Files (x86)\AMD APP\bin\x86_64;C:\Program Files (x86)\AMD APP\bin\x86;C:\Windows\system32;C:\Windows;C:\Windows\System32\Wbem;C:\Windows\System32\WindowsPowerShell\v1.0\;C:\Program Files (x86)\ATI Technologies\ATI.ACE\Core-Static;."/>
    <property name="java.specification.name" value="Java Platform API Specification"/>
    <property name="java.class.version" value="52.0"/>
    <property name="sun.management.compiler" value="HotSpot 64-Bit Tiered Compilers"/>
    <property name="os.version" value="6.2"/>
    <property name="user.home" value="C:\Users\Petra"/>
    <property name="user.timezone" value="Europe/Berlin"/>
    <property name="java.awt.printerjob" value="sun.awt.windows.WPrinterJob"/>
    <property name="java.specification.version" value="1.8"/>
    <property name="file.encoding" value="Cp1252"/>
    <property name="user.name" value="Petra"/>
    <property name="java.class.path" value="/C:/Users/Petra/Desktop/eclipse/plugins/org.eclipse.m2e.maven.runtime_1.5.0.20140605-2032/jars/plexus-classworlds-2.5.1.jar"/>
    <property name="org.slf4j.simpleLogger.defaultLogLevel" value="info"/>
    <property name="java.vm.specification.version" value="1.8"/>
    <property name="sun.arch.data.model" value="64"/>
    <property name="java.home" value="C:\Program Files\Java\jre8"/>
    <property name="sun.java.command" value="org.codehaus.plexus.classworlds.launcher.Launcher -B install"/>
    <property name="java.specification.vendor" value="Oracle Corporation"/>
    <property name="user.language" value="de"/>
    <property name="awt.toolkit" value="sun.awt.windows.WToolkit"/>
    <property name="java.vm.info" value="mixed mode"/>
    <property name="java.version" value="1.8.0_11"/>
    <property name="java.ext.dirs" value="C:\Program Files\Java\jre8\lib\ext;C:\Windows\Sun\Java\lib\ext"/>
    <property name="sun.boot.class.path" value="C:\Program Files\Java\jre8\lib\resources.jar;C:\Program Files\Java\jre8\lib\rt.jar;C:\Program Files\Java\jre8\lib\sunrsasign.jar;C:\Program Files\Java\jre8\lib\jsse.jar;C:\Program Files\Java\jre8\lib\jce.jar;C:\Program Files\Java\jre8\lib\charsets.jar;C:\Program Files\Java\jre8\lib\jfr.jar;C:\Program Files\Java\jre8\classes"/>
    <property name="java.vendor" value="Oracle Corporation"/>
    <property name="maven.home" value="C:\Users\Petra\Dropbox\Uni\Softwareprojekt 1\Prototyp\stundenplan.git\EMBEDDED"/>
    <property name="file.separator" value="\"/>
    <property name="java.vendor.url.bug" value="http://bugreport.sun.com/bugreport/"/>
    <property name="sun.cpu.endian" value="little"/>
    <property name="sun.io.unicode.encoding" value="UnicodeLittle"/>
    <property name="sun.desktop" value="windows"/>
    <property name="sun.cpu.isalist" value="amd64"/>
  </properties>
  <testcase name="testAddTeacherWithValidInput" classname="de.unibremen.swp.stundenplan.logic.TeacherManagerDataIntTest" time="31.291">
    <failure message="expected:&lt;23.25&gt; but was:&lt;23&gt;" type="java.lang.AssertionError"><![CDATA[java.lang.AssertionError: expected:<23.25> but was:<23>
	at org.junit.Assert.fail(Assert.java:88)
	at org.junit.Assert.failNotEquals(Assert.java:743)
	at org.junit.Assert.assertEquals(Assert.java:118)
	at org.junit.Assert.assertEquals(Assert.java:144)
	at de.unibremen.swp.stundenplan.logic.TeacherManagerDataIntTest.testAddTeacherWithValidInput(TeacherManagerDataIntTest.java:82)
]]></failure>
    <system-out><![CDATA[DEBUG  - Creating new persistence manager
[EL Warning]: 2014-08-04 11:02:14.287--ServerSession(1276666395)--Exception [EclipseLink-4002] (Eclipse Persistence Services - 2.0.0.v20091127-r5931): org.eclipse.persistence.exceptions.DatabaseException
Internal Exception: java.sql.SQLException: Table/View 'SEQUENCE' already exists in Schema 'STUNDENPLAN'.
Error Code: 30000
Call: CREATE TABLE SEQUENCE (SEQ_NAME VARCHAR(50) NOT NULL, SEQ_COUNT DECIMAL(15), PRIMARY KEY (SEQ_NAME))
Query: DataModifyQuery(sql="CREATE TABLE SEQUENCE (SEQ_NAME VARCHAR(50) NOT NULL, SEQ_COUNT DECIMAL(15), PRIMARY KEY (SEQ_NAME))")
DEBUG  - adding teacher
DEBUG  - Teacher Teacher [acronym=Tes, name=Test Tester, hpw=23,00] persisted.
DEBUG  - teacher added Teacher [acronym=Tes, name=Test Tester, hpw=23,00]
]]></system-out>
  </testcase>
</testsuite>